2025-09-10 21:52:50 - INFO - AAPL|RSI: 65.2|SMA20: $148.50|Volume Ratio: 1.8|Signal: BUY
2025-09-10 21:57:40 - INFO - AAPL|Price: $226.79|SMA5: $226.79|SMA10: $226.79|SMA20: $226.79|1D Change: 0.0%|Volume Ratio: 1.0|Trend: Neutral|Volume: Normal
2025-09-10 21:57:40 - INFO - TSLA|Price: $347.79|SMA5: $347.79|SMA10: $347.79|SMA20: $347.79|1D Change: 0.0%|Volume Ratio: 1.0|Trend: Neutral|Volume: Normal
2025-09-10 21:57:41 - INFO - SPY|Price: $652.21|SMA5: $652.21|SMA10: $652.21|SMA20: $652.21|1D Change: 0.0%|Volume Ratio: 1.0|Trend: Neutral|Volume: Normal
2025-09-10 21:57:42 - INFO - AAPL|Price: $226.79|SMA5: $226.79|SMA10: $226.79|SMA20: $226.79|1D Change: 0.0%|Volume Ratio: 1.0|Trend: Neutral|Volume: Normal
2025-09-10 21:57:43 - INFO - AAPL|Price: $226.79|SMA5: $226.79|SMA10: $226.79|SMA20: $226.79|1D Change: 0.0%|Volume Ratio: 1.0|Trend: Neutral|Volume: Normal
2025-09-10 21:57:44 - INFO - MSFT|Price: $500.37|SMA5: $500.37|SMA10: $500.37|SMA20: $500.37|1D Change: 0.0%|Volume Ratio: 1.0|Trend: Neutral|Volume: Normal
2025-09-10 21:57:44 - INFO - GOOGL|Price: $239.17|SMA5: $239.17|SMA10: $239.17|SMA20: $239.17|1D Change: 0.0%|Volume Ratio: 1.0|Trend: Neutral|Volume: Normal
2025-09-10 21:57:44 - INFO - TSLA|Price: $347.79|SMA5: $347.79|SMA10: $347.79|SMA20: $347.79|1D Change: 0.0%|Volume Ratio: 1.0|Trend: Neutral|Volume: Normal
2025-09-10 21:57:44 - INFO - NVDA|Price: $177.33|SMA5: $177.33|SMA10: $177.33|SMA20: $177.33|1D Change: 0.0%|Volume Ratio: 1.0|Trend: Neutral|Volume: Normal
2025-09-10 21:57:44 - INFO - SPY|Price: $652.21|SMA5: $652.21|SMA10: $652.21|SMA20: $652.21|1D Change: 0.0%|Volume Ratio: 1.0|Trend: Neutral|Volume: Normal
2025-09-10 21:57:45 - INFO - QQQ|Price: $580.70|SMA5: $580.70|SMA10: $580.70|SMA20: $580.70|1D Change: 0.0%|Volume Ratio: 1.0|Trend: Neutral|Volume: Normal
2025-09-10 22:27:05 - INFO - SPY|Price: $652.21|SMA5: $652.21|SMA10: $652.21|SMA20: $652.21|1D Change: 0.0%|Volume Ratio: 1.0|Trend: Neutral|Volume: Normal
2025-09-10 23:02:13 - INFO - AAPL|RSI: 65.2|SMA20: $148.50|Volume Ratio: 1.8|Signal: BUY
2025-09-11 11:17:09 - INFO - AAPL|Price: $228.49|SMA5: $228.49|SMA10: $228.49|SMA20: $228.49|1D Change: 0.0%|Volume Ratio: 1.0|Trend: Neutral|Volume: Normal
2025-09-11 11:17:09 - INFO - TSLA|Price: $362.86|SMA5: $362.86|SMA10: $362.86|SMA20: $362.86|1D Change: 0.0%|Volume Ratio: 1.0|Trend: Neutral|Volume: Normal
2025-09-11 11:17:10 - INFO - SPY|Price: $657.11|SMA5: $657.11|SMA10: $657.11|SMA20: $657.11|1D Change: 0.0%|Volume Ratio: 1.0|Trend: Neutral|Volume: Normal
2025-09-11 11:17:17 - INFO - AAPL|Price: $228.49|SMA5: $228.49|SMA10: $228.49|SMA20: $228.49|1D Change: 0.0%|Volume Ratio: 1.0|Trend: Neutral|Volume: Normal
2025-09-11 11:17:23 - INFO - AAPL|Price: $228.49|SMA5: $228.49|SMA10: $228.49|SMA20: $228.49|1D Change: 0.0%|Volume Ratio: 1.0|Trend: Neutral|Volume: Normal
2025-09-11 11:17:24 - INFO - MSFT|Price: $502.25|SMA5: $502.25|SMA10: $502.25|SMA20: $502.25|1D Change: 0.0%|Volume Ratio: 1.0|Trend: Neutral|Volume: Normal
2025-09-11 11:17:25 - INFO - GOOGL|Price: $238.91|SMA5: $238.91|SMA10: $238.91|SMA20: $238.91|1D Change: 0.0%|Volume Ratio: 1.0|Trend: Neutral|Volume: Normal
2025-09-11 11:17:25 - INFO - AMZN|Price: $231.19|SMA5: $231.19|SMA10: $231.19|SMA20: $231.19|1D Change: 0.0%|Volume Ratio: 1.0|Trend: Neutral|Volume: Normal
2025-09-11 11:17:26 - INFO - META|Price: $753.53|SMA5: $753.53|SMA10: $753.53|SMA20: $753.53|1D Change: 0.0%|Volume Ratio: 1.0|Trend: Neutral|Volume: Normal
2025-09-11 11:17:26 - INFO - NVDA|Price: $178.11|SMA5: $178.11|SMA10: $178.11|SMA20: $178.11|1D Change: 0.0%|Volume Ratio: 1.0|Trend: Neutral|Volume: Normal
2025-09-11 11:17:27 - INFO - TSLA|Price: $362.86|SMA5: $362.86|SMA10: $362.86|SMA20: $362.86|1D Change: 0.0%|Volume Ratio: 1.0|Trend: Neutral|Volume: Normal
2025-09-11 11:20:06 - INFO - SPY|MOMENTUM|Price: $657.47|1D: 0.0%|Volume Ratio: 1.0|RSI: 50.0|Momentum Score: 30|Action: CONSIDER
2025-09-11 11:20:33 - INFO - AAPL|Price: $228.69|SMA5: $228.69|SMA10: $228.69|SMA20: $228.69|1D Change: 0.0%|Volume Ratio: 1.0|Trend: Neutral|Volume: Normal
2025-09-11 11:20:34 - INFO - TSLA|Price: $363.15|SMA5: $363.15|SMA10: $363.15|SMA20: $363.15|1D Change: 0.0%|Volume Ratio: 1.0|Trend: Neutral|Volume: Normal
2025-09-11 11:20:34 - INFO - NVDA|Price: $178.31|SMA5: $178.31|SMA10: $178.31|SMA20: $178.31|1D Change: 0.0%|Volume Ratio: 1.0|Trend: Neutral|Volume: Normal
2025-09-11 11:20:35 - INFO - SPY|Price: $657.47|SMA5: $657.47|SMA10: $657.47|SMA20: $657.47|1D Change: 0.0%|Volume Ratio: 1.0|Trend: Neutral|Volume: Normal
2025-09-11 11:20:36 - INFO - QQQ|Price: $584.74|SMA5: $584.74|SMA10: $584.74|SMA20: $584.74|1D Change: 0.0%|Volume Ratio: 1.0|Trend: Neutral|Volume: Normal
